<?xml version="1.0" encoding="utf-8"?><testsuites name="pytest tests"><testsuite name="pytest" errors="1" failures="0" skipped="0" tests="1" time="1.108" timestamp="2026-05-13T15:18:30.850011+03:00" hostname="DESKTOP-UG0GRL3"><testcase classname="pytest" name="internal" time="0.000"><error message="internal error">Traceback (most recent call last):
  File "C:\Users\user\AppData\Roaming\Python\Python314\site-packages\_pytest\main.py", line 318, in wrap_session
    session.exitstatus = doit(config, session) or 0
                         ~~~~^^^^^^^^^^^^^^^^^
  File "C:\Users\user\AppData\Roaming\Python\Python314\site-packages\_pytest\main.py", line 371, in _main
    config.hook.pytest_collection(session=session)
    ~~~~~~~~~~~~~~~~~~~~~~~~~~~~~^^^^^^^^^^^^^^^^^
  File "C:\Users\user\AppData\Roaming\Python\Python314\site-packages\pluggy\_hooks.py", line 512, in __call__
    return self._hookexec(self.name, self._hookimpls.copy(), kwargs, firstresult)
           ~~~~~~~~~~~~~~^^^^^^^^^^^^^^^^^^^^^^^^^^^^^^^^^^^^^^^^^^^^^^^^^^^^^^^^
  File "C:\Users\user\AppData\Roaming\Python\Python314\site-packages\pluggy\_manager.py", line 120, in _hookexec
    return self._inner_hookexec(hook_name, methods, kwargs, firstresult)
           ~~~~~~~~~~~~~~~~~~~~^^^^^^^^^^^^^^^^^^^^^^^^^^^^^^^^^^^^^^^^^
  File "C:\Users\user\AppData\Roaming\Python\Python314\site-packages\pluggy\_callers.py", line 167, in _multicall
    raise exception
  File "C:\Users\user\AppData\Roaming\Python\Python314\site-packages\pluggy\_callers.py", line 139, in _multicall
    teardown.throw(exception)
    ~~~~~~~~~~~~~~^^^^^^^^^^^
  File "C:\Users\user\AppData\Roaming\Python\Python314\site-packages\_pytest\logging.py", line 788, in pytest_collection
    return (yield)
            ^^^^^
  File "C:\Users\user\AppData\Roaming\Python\Python314\site-packages\pluggy\_callers.py", line 139, in _multicall
    teardown.throw(exception)
    ~~~~~~~~~~~~~~^^^^^^^^^^^
  File "C:\Users\user\AppData\Roaming\Python\Python314\site-packages\_pytest\warnings.py", line 98, in pytest_collection
    return (yield)
            ^^^^^
  File "C:\Users\user\AppData\Roaming\Python\Python314\site-packages\pluggy\_callers.py", line 139, in _multicall
    teardown.throw(exception)
    ~~~~~~~~~~~~~~^^^^^^^^^^^
  File "C:\Users\user\AppData\Roaming\Python\Python314\site-packages\_pytest\config\__init__.py", line 1409, in pytest_collection
    return (yield)
            ^^^^^
  File "C:\Users\user\AppData\Roaming\Python\Python314\site-packages\pluggy\_callers.py", line 121, in _multicall
    res = hook_impl.function(*args)
  File "C:\Users\user\AppData\Roaming\Python\Python314\site-packages\_pytest\terminal.py", line 797, in pytest_collection
    self.write("collecting ... ", flush=True, bold=True)
    ~~~~~~~~~~^^^^^^^^^^^^^^^^^^^^^^^^^^^^^^^^^^^^^^^^^^
  File "C:\Users\user\AppData\Roaming\Python\Python314\site-packages\_pytest\terminal.py", line 525, in write
    self._tw.write(content, flush=flush, **markup)
    ~~~~~~~~~~~~~~^^^^^^^^^^^^^^^^^^^^^^^^^^^^^^^^
  File "C:\Users\user\AppData\Roaming\Python\Python314\site-packages\_pytest\_io\terminalwriter.py", line 164, in write
    self.write_raw(msg, flush=flush)
    ~~~~~~~~~~~~~~^^^^^^^^^^^^^^^^^^
  File "C:\Users\user\AppData\Roaming\Python\Python314\site-packages\_pytest\_io\terminalwriter.py", line 180, in write_raw
    self.flush()
    ~~~~~~~~~~^^
  File "C:\Users\user\AppData\Roaming\Python\Python314\site-packages\_pytest\_io\terminalwriter.py", line 187, in flush
    self._file.flush()
    ~~~~~~~~~~~~~~~~^^
OSError: [Errno 22] Invalid argument</error></testcase></testsuite></testsuites>